<?xml version="1.0" encoding="UTF-8"?>
<!-- Generated by org.testng.reporters.JUnitXMLReporter -->
<testsuite ignored="0" hostname="PC" failures="0" tests="3" name="TC3" time="33.187" errors="0" timestamp="2025-04-02T14:45:54 IST">
  <testcase classname="testcases.TC_AddProductAndPlaceOrder" name="AddProductAndPlaceOrder" time="12.116"/>
  <testcase classname="testcases.TC_AddProductAndPlaceOrder" name="PurchaseTheProduct" time="19.646"/>
  <testcase classname="testcases.TC_AddProductAndPlaceOrder" name="LogOut" time="1.401"/>
</testsuite> <!-- TC3 -->
